c:\users\ife\documents\visual studio 2015\projects\clemyacademyapp\clemyacademyapp\debug\clemyacademyapp.pch
c:\users\ife\documents\visual studio 2015\projects\clemyacademyapp\clemyacademyapp\debug\vc140.pdb
c:\users\ife\documents\visual studio 2015\projects\clemyacademyapp\clemyacademyapp\debug\vc140.idb
c:\users\ife\documents\visual studio 2015\projects\clemyacademyapp\clemyacademyapp\debug\pch.obj
c:\users\ife\documents\visual studio 2015\projects\clemyacademyapp\clemyacademyapp\debug\adminview.xaml.obj
c:\users\ife\documents\visual studio 2015\projects\clemyacademyapp\clemyacademyapp\debug\app.xaml.obj
c:\users\ife\documents\visual studio 2015\projects\clemyacademyapp\clemyacademyapp\debug\courseview.xaml.obj
c:\users\ife\documents\visual studio 2015\projects\clemyacademyapp\clemyacademyapp\debug\dashboard.xaml.obj
c:\users\ife\documents\visual studio 2015\projects\clemyacademyapp\clemyacademyapp\debug\navmenuitem.obj
c:\users\ife\documents\visual studio 2015\projects\clemyacademyapp\clemyacademyapp\debug\navmenulistview.obj
c:\users\ife\documents\visual studio 2015\projects\clemyacademyapp\clemyacademyapp\debug\pageheader.xaml.obj
c:\users\ife\documents\visual studio 2015\projects\clemyacademyapp\clemyacademyapp\debug\addnewcourse.xaml.obj
c:\users\ife\documents\visual studio 2015\projects\clemyacademyapp\clemyacademyapp\debug\appshell.xaml.obj
c:\users\ife\documents\visual studio 2015\projects\clemyacademyapp\clemyacademyapp\debug\dashdata.obj
c:\users\ife\documents\visual studio 2015\projects\clemyacademyapp\clemyacademyapp\debug\mainpage.xaml.obj
c:\users\ife\documents\visual studio 2015\projects\clemyacademyapp\clemyacademyapp\debug\userprofile.xaml.obj
c:\users\ife\documents\visual studio 2015\projects\clemyacademyapp\clemyacademyapp\debug\xamltypeinfo.impl.g.obj
c:\users\ife\documents\visual studio 2015\projects\clemyacademyapp\clemyacademyapp\debug\xamltypeinfo.g.obj
c:\users\ife\documents\visual studio 2015\projects\clemyacademyapp\clemyacademyapp\debug\dashboarddata.obj
c:\users\ife\documents\visual studio 2015\projects\clemyacademyapp\debug\clemyacademyapp\clemyacademyapp.winmd
c:\users\ife\documents\visual studio 2015\projects\clemyacademyapp\debug\clemyacademyapp\clemyacademyapp.lib
c:\users\ife\documents\visual studio 2015\projects\clemyacademyapp\debug\clemyacademyapp\clemyacademyapp.exp
c:\users\ife\documents\visual studio 2015\projects\clemyacademyapp\clemyacademyapp\debug\clemyacademyapp.vcxprojresolveassemblyreference.cache
c:\users\ife\documents\visual studio 2015\projects\clemyacademyapp\clemyacademyapp\generated files\app.g.h
c:\users\ife\documents\visual studio 2015\projects\clemyacademyapp\clemyacademyapp\generated files\addnewcourse.g.h
c:\users\ife\documents\visual studio 2015\projects\clemyacademyapp\clemyacademyapp\generated files\adminview.g.h
c:\users\ife\documents\visual studio 2015\projects\clemyacademyapp\clemyacademyapp\generated files\appshell.g.h
c:\users\ife\documents\visual studio 2015\projects\clemyacademyapp\clemyacademyapp\generated files\courseview.g.h
c:\users\ife\documents\visual studio 2015\projects\clemyacademyapp\clemyacademyapp\generated files\dashboard.g.h
c:\users\ife\documents\visual studio 2015\projects\clemyacademyapp\clemyacademyapp\generated files\mainpage.g.h
c:\users\ife\documents\visual studio 2015\projects\clemyacademyapp\clemyacademyapp\generated files\pageheader.g.h
c:\users\ife\documents\visual studio 2015\projects\clemyacademyapp\clemyacademyapp\generated files\userprofile.g.h
c:\users\ife\documents\visual studio 2015\projects\clemyacademyapp\clemyacademyapp\generated files\app.xaml
c:\users\ife\documents\visual studio 2015\projects\clemyacademyapp\clemyacademyapp\generated files\styles.xaml
c:\users\ife\documents\visual studio 2015\projects\clemyacademyapp\clemyacademyapp\generated files\addnewcourse.xaml
c:\users\ife\documents\visual studio 2015\projects\clemyacademyapp\clemyacademyapp\generated files\adminview.xaml
c:\users\ife\documents\visual studio 2015\projects\clemyacademyapp\clemyacademyapp\generated files\appshell.xaml
c:\users\ife\documents\visual studio 2015\projects\clemyacademyapp\clemyacademyapp\generated files\courseview.xaml
c:\users\ife\documents\visual studio 2015\projects\clemyacademyapp\clemyacademyapp\generated files\dashboard.xaml
c:\users\ife\documents\visual studio 2015\projects\clemyacademyapp\clemyacademyapp\generated files\mainpage.xaml
c:\users\ife\documents\visual studio 2015\projects\clemyacademyapp\clemyacademyapp\generated files\pageheader.xaml
c:\users\ife\documents\visual studio 2015\projects\clemyacademyapp\clemyacademyapp\generated files\userprofile.xaml
c:\users\ife\documents\visual studio 2015\projects\clemyacademyapp\clemyacademyapp\generated files\app.xbf
c:\users\ife\documents\visual studio 2015\projects\clemyacademyapp\clemyacademyapp\generated files\styles.xbf
c:\users\ife\documents\visual studio 2015\projects\clemyacademyapp\clemyacademyapp\generated files\addnewcourse.xbf
c:\users\ife\documents\visual studio 2015\projects\clemyacademyapp\clemyacademyapp\generated files\adminview.xbf
c:\users\ife\documents\visual studio 2015\projects\clemyacademyapp\clemyacademyapp\generated files\appshell.xbf
c:\users\ife\documents\visual studio 2015\projects\clemyacademyapp\clemyacademyapp\generated files\courseview.xbf
c:\users\ife\documents\visual studio 2015\projects\clemyacademyapp\clemyacademyapp\generated files\dashboard.xbf
c:\users\ife\documents\visual studio 2015\projects\clemyacademyapp\clemyacademyapp\generated files\mainpage.xbf
c:\users\ife\documents\visual studio 2015\projects\clemyacademyapp\clemyacademyapp\generated files\pageheader.xbf
c:\users\ife\documents\visual studio 2015\projects\clemyacademyapp\clemyacademyapp\generated files\userprofile.xbf
c:\users\ife\documents\visual studio 2015\projects\clemyacademyapp\clemyacademyapp\debug\xamlsavestatefile.xml
c:\users\ife\documents\visual studio 2015\projects\clemyacademyapp\clemyacademyapp\generated files\xamltypeinfo.g.cpp
c:\users\ife\documents\visual studio 2015\projects\clemyacademyapp\debug\clemyacademyapp\styles.xbf
c:\users\ife\documents\visual studio 2015\projects\clemyacademyapp\debug\clemyacademyapp\app.xbf
c:\users\ife\documents\visual studio 2015\projects\clemyacademyapp\debug\clemyacademyapp\addnewcourse.xbf
c:\users\ife\documents\visual studio 2015\projects\clemyacademyapp\debug\clemyacademyapp\adminview.xbf
c:\users\ife\documents\visual studio 2015\projects\clemyacademyapp\debug\clemyacademyapp\appshell.xbf
c:\users\ife\documents\visual studio 2015\projects\clemyacademyapp\debug\clemyacademyapp\courseview.xbf
c:\users\ife\documents\visual studio 2015\projects\clemyacademyapp\debug\clemyacademyapp\dashboard.xbf
c:\users\ife\documents\visual studio 2015\projects\clemyacademyapp\debug\clemyacademyapp\mainpage.xbf
c:\users\ife\documents\visual studio 2015\projects\clemyacademyapp\debug\clemyacademyapp\pageheader.xbf
c:\users\ife\documents\visual studio 2015\projects\clemyacademyapp\debug\clemyacademyapp\userprofile.xbf
c:\users\ife\documents\visual studio 2015\projects\clemyacademyapp\clemyacademyapp\debug\resourcehandlingtask.state
c:\users\ife\documents\visual studio 2015\projects\clemyacademyapp\clemyacademyapp\debug\clemyacademyapp.vcxproj.generateresource.cache
c:\users\ife\documents\visual studio 2015\projects\clemyacademyapp\clemyacademyapp\debug\priconfig.xml
c:\users\ife\documents\visual studio 2015\projects\clemyacademyapp\clemyacademyapp\debug\priconfig.xml.intermediate
c:\users\ife\documents\visual studio 2015\projects\clemyacademyapp\clemyacademyapp\debug\layout.resfiles
c:\users\ife\documents\visual studio 2015\projects\clemyacademyapp\clemyacademyapp\debug\layout.resfiles.intermediate
c:\users\ife\documents\visual studio 2015\projects\clemyacademyapp\clemyacademyapp\debug\resources.resfiles
c:\users\ife\documents\visual studio 2015\projects\clemyacademyapp\clemyacademyapp\debug\resources.resfiles.intermediate
c:\users\ife\documents\visual studio 2015\projects\clemyacademyapp\clemyacademyapp\debug\pri.resfiles
c:\users\ife\documents\visual studio 2015\projects\clemyacademyapp\clemyacademyapp\debug\pri.resfiles.intermediate
c:\users\ife\documents\visual studio 2015\projects\clemyacademyapp\debug\clemyacademyapp\resources.pri
c:\users\ife\documents\visual studio 2015\projects\clemyacademyapp\clemyacademyapp\debug\qualifiers.txt
c:\users\ife\documents\visual studio 2015\projects\clemyacademyapp\clemyacademyapp\debug\qualifiers.txt.intermediate
c:\users\ife\documents\visual studio 2015\projects\clemyacademyapp\clemyacademyapp\debug\multiplequalifiersperdimensionfound.txt
c:\users\ife\documents\visual studio 2015\projects\clemyacademyapp\clemyacademyapp\debug\projectarchitectures.txt
c:\users\ife\documents\visual studio 2015\projects\clemyacademyapp\debug\clemyacademyapp\appxmanifest.xml
c:\users\ife\documents\visual studio 2015\projects\clemyacademyapp\debug\clemyacademyapp\clemyacademyapp.build.appxrecipe
c:\users\ife\documents\visual studio 2015\projects\clemyacademyapp\clemyacademyapp\debug\clemyacademyapp.tlog\clemyacademyapp.winmd.lastbuild
c:\users\ife\documents\visual studio 2015\projects\clemyacademyapp\debug\clemyacademyapp\clemyacademyapp.ilk
c:\users\ife\documents\visual studio 2015\projects\clemyacademyapp\debug\clemyacademyapp\clemyacademyapp.exe
c:\users\ife\documents\visual studio 2015\projects\clemyacademyapp\debug\clemyacademyapp\clemyacademyapp.pdb
c:\users\ife\documents\visual studio 2015\projects\clemyacademyapp\clemyacademyapp\debug\embed.resfiles
c:\users\ife\documents\visual studio 2015\projects\clemyacademyapp\clemyacademyapp\debug\clemyacademyapp.tlog\cl.command.1.tlog
c:\users\ife\documents\visual studio 2015\projects\clemyacademyapp\clemyacademyapp\debug\clemyacademyapp.tlog\cl.read.1.tlog
c:\users\ife\documents\visual studio 2015\projects\clemyacademyapp\clemyacademyapp\debug\clemyacademyapp.tlog\cl.write.1.tlog
c:\users\ife\documents\visual studio 2015\projects\clemyacademyapp\clemyacademyapp\debug\clemyacademyapp.tlog\clemyacademyapp.read.1u.tlog
c:\users\ife\documents\visual studio 2015\projects\clemyacademyapp\clemyacademyapp\debug\clemyacademyapp.tlog\clemyacademyapp.write.1u.tlog
c:\users\ife\documents\visual studio 2015\projects\clemyacademyapp\clemyacademyapp\debug\clemyacademyapp.tlog\link.command.1.tlog
c:\users\ife\documents\visual studio 2015\projects\clemyacademyapp\clemyacademyapp\debug\clemyacademyapp.tlog\link.delete.1.tlog
c:\users\ife\documents\visual studio 2015\projects\clemyacademyapp\clemyacademyapp\debug\clemyacademyapp.tlog\link.read.1.tlog
c:\users\ife\documents\visual studio 2015\projects\clemyacademyapp\clemyacademyapp\debug\clemyacademyapp.tlog\link.write.1.tlog
c:\users\ife\documents\visual studio 2015\projects\clemyacademyapp\clemyacademyapp\generated files\styles.g.h
c:\users\ife\documents\visual studio 2015\projects\clemyacademyapp\clemyacademyapp\generated files\xamlbindinginfo.g.h
c:\users\ife\documents\visual studio 2015\projects\clemyacademyapp\clemyacademyapp\generated files\xamltypeinfo.g.h
c:\users\ife\documents\visual studio 2015\projects\clemyacademyapp\clemyacademyapp\generated files\xamllibmetadataprovider.g.cpp
c:\users\ife\documents\visual studio 2015\projects\clemyacademyapp\clemyacademyapp\generated files\xamltypeinfo.impl.g.cpp
